[{"line":2,"elements":[{"start_timestamp":"2022-08-31T19:20:51.356Z","line":4,"name":"TC_001 Admin SSN kullanarak; kayıtlı kişiler arasında Staff arayabilir.","description":"","id":"us-019-admin-olarak;-yeni-staff-(personel)-oluşturma-/-güncelleme-/-görüntüleme-ve-silme;tc-001-admin-ssn-kullanarak;-kayıtlı-kişiler-arasında-staff-arayabilir.","type":"scenario","keyword":"Scenario","steps":[{"result":{"error_message":"java.lang.NullPointerException: null value in entry: url=null\r\n\tat com.google.common.collect.CollectPreconditions.checkEntryNotNull(CollectPreconditions.java:32)\r\n\tat com.google.common.collect.SingletonImmutableBiMap.<init>(SingletonImmutableBiMap.java:42)\r\n\tat com.google.common.collect.ImmutableBiMap.of(ImmutableBiMap.java:72)\r\n\tat com.google.common.collect.ImmutableMap.of(ImmutableMap.java:119)\r\n\tat org.openqa.selenium.remote.DriverCommand.GET(DriverCommand.java:76)\r\n\tat org.openqa.selenium.remote.RemoteWebDriver.get(RemoteWebDriver.java:312)\r\n\tat stepdefinitions.uiStepdefinitions.US008_stepdefinitions.kullaniciMedunnaAnasayfasinda(US008_stepdefinitions.java:27)\r\n\tat ✽.kullanici medunna anasayfasinda(file:///C:/Users/Asus/IdeaProjects/com.medunna2022/src/test/resources/features/uiFeatures/US_019.feature:5)\r\n","duration":3361790100,"status":"failed"},"line":5,"name":"kullanici medunna anasayfasinda","match":{"location":"stepdefinitions.uiStepdefinitions.US008_stepdefinitions.kullaniciMedunnaAnasayfasinda()"},"keyword":"Given "},{"result":{"status":"skipped"},"line":6,"name":"kullanici giris ikonuna tiklar","match":{"location":"stepdefinitions.uiStepdefinitions.US008_stepdefinitions.kullaniciGirisIkonunaTiklar()"},"keyword":"When "},{"result":{"status":"skipped"},"line":7,"name":"kullanici Signin'a tiklar","match":{"location":"stepdefinitions.uiStepdefinitions.US008_stepdefinitions.kullaniciSigninATiklar()"},"keyword":"And "},{"result":{"duration":496500,"status":"skipped"},"line":8,"name":"kullanici \"admin\" olarak gecerli bir username ve \"adminPassword\" password girer","match":{"arguments":[{"val":"\"admin\"","offset":10},{"val":"\"adminPassword\"","offset":49}],"location":"stepdefinitions.uiStepdefinitions.US008_stepdefinitions.kullaniciOlarakGecerliBirUsernameVePasswordGirer(java.lang.String,java.lang.String)"},"keyword":"And "},{"result":{"duration":302100,"status":"skipped"},"line":9,"name":"kullanici admin olarak itemsTitles a tiklar","match":{"location":"stepdefinitions.uiStepdefinitions.US019_UIstepdefinitions.kullaniciAdminOlarakItemsTitlesATiklar()"},"keyword":"And "},{"result":{"status":"skipped"},"line":10,"name":"kullanici admin olarak acilan DDM den Staff a tiklar","match":{"location":"stepdefinitions.uiStepdefinitions.US019_UIstepdefinitions.kullaniciAdminOlarakAcilanDDMDenStaffATiklar()"},"keyword":"And "},{"result":{"status":"skipped"},"line":11,"name":"kullanici admin olarak Create a new Staff butonuna tiklar","match":{"location":"stepdefinitions.uiStepdefinitions.US019_UIstepdefinitions.kullaniciAdminOlarakCreateANewStaffButonunaTiklar()"},"keyword":"And "},{"result":{"status":"skipped"},"line":12,"name":"kullanici admin olarak Use Search kutucugunu isaretleyip SSN kutusuna cagiracagi staff in SSN numarasini girer","match":{"location":"stepdefinitions.uiStepdefinitions.US019_UIstepdefinitions.kullaniciAdminOlarakUseSearchKutucugunuIsaretleyipSSNKutusunaCagiracagiStaffInSSNNumarasiniGirer()"},"keyword":"And "},{"result":{"status":"skipped"},"line":13,"name":"kullanici admin olarak Search User butonuna tiklar","match":{"location":"stepdefinitions.uiStepdefinitions.US019_UIstepdefinitions.kullaniciAdminOlarakSearchUserButonunaTiklar()"},"keyword":"Then "}],"tags":[{"name":"@US019"}]},{"start_timestamp":"2022-08-31T19:20:54.997Z","line":15,"name":"Tüm bilgileri doldurulmalıdır","description":"","id":"us-019-admin-olarak;-yeni-staff-(personel)-oluşturma-/-güncelleme-/-görüntüleme-ve-silme;tüm-bilgileri-doldurulmalıdır","type":"scenario","keyword":"Scenario","steps":[{"result":{"error_message":"org.openqa.selenium.NoSuchElementException: Unable to find element with locator By.xpath: //input[@name='firstName']\nFor documentation on this error, please visit: https://selenium.dev/exceptions/#no_such_element\nBuild info: version: '4.1.1', revision: 'e8fcc2cecf'\nSystem info: host: 'LAPTOP-2MH7CTAP', ip: '192.168.1.38', os.name: 'Windows 10', os.arch: 'amd64', os.version: '10.0', java.version: '11.0.15'\nDriver info: driver.version: RemoteWebDriver\r\n\tat org.openqa.selenium.remote.ElementLocation$ElementFinder$2.findElement(ElementLocation.java:165)\r\n\tat org.openqa.selenium.remote.ElementLocation.findElement(ElementLocation.java:60)\r\n\tat org.openqa.selenium.remote.RemoteWebDriver.findElement(RemoteWebDriver.java:367)\r\n\tat org.openqa.selenium.remote.RemoteWebDriver.findElement(RemoteWebDriver.java:359)\r\n\tat org.openqa.selenium.support.pagefactory.DefaultElementLocator.findElement(DefaultElementLocator.java:70)\r\n\tat org.openqa.selenium.support.pagefactory.internal.LocatingElementHandler.invoke(LocatingElementHandler.java:39)\r\n\tat com.sun.proxy.$Proxy22.clear(Unknown Source)\r\n\tat stepdefinitions.uiStepdefinitions.US019_UIstepdefinitions.kullaniciAdminOlarakGuncellemekIstedigiBilgileriIlgiliKutularaDoldurur(US019_UIstepdefinitions.java:58)\r\n\tat ✽.kullanici admin olarak guncellemek istedigi bilgileri ilgili kutulara doldurur(file:///C:/Users/Asus/IdeaProjects/com.medunna2022/src/test/resources/features/uiFeatures/US_019.feature:16)\r\n","duration":2758541300,"status":"failed"},"line":16,"name":"kullanici admin olarak guncellemek istedigi bilgileri ilgili kutulara doldurur","match":{"location":"stepdefinitions.uiStepdefinitions.US019_UIstepdefinitions.kullaniciAdminOlarakGuncellemekIstedigiBilgileriIlgiliKutularaDoldurur()"},"keyword":"Given "}],"tags":[{"name":"@US019"}]},{"start_timestamp":"2022-08-31T19:20:57.814Z","line":19,"name":"TC_002 Admin kayıtlı kişilerden bir kullanıcı seçebilir.","description":"","id":"us-019-admin-olarak;-yeni-staff-(personel)-oluşturma-/-güncelleme-/-görüntüleme-ve-silme;tc-002-admin-kayıtlı-kişilerden-bir-kullanıcı-seçebilir.","type":"scenario","keyword":"Scenario","steps":[{"result":{"error_message":"io.cucumber.core.exception.CucumberException: Failed to instantiate class stepdefinitions.uiStepdefinitions.US019_UIstepdefinitions\r\n\tat io.cucumber.core.backend.DefaultObjectFactory.cacheNewInstance(DefaultObjectFactory.java:67)\r\n\tat io.cucumber.core.backend.DefaultObjectFactory.getInstance(DefaultObjectFactory.java:45)\r\n\tat io.cucumber.java.AbstractGlueDefinition.invokeMethod(AbstractGlueDefinition.java:47)\r\n\tat io.cucumber.java.JavaStepDefinition.execute(JavaStepDefinition.java:29)\r\n\tat io.cucumber.core.runner.CoreStepDefinition.execute(CoreStepDefinition.java:66)\r\n\tat io.cucumber.core.runner.PickleStepDefinitionMatch.runStep(PickleStepDefinitionMatch.java:63)\r\n\tat io.cucumber.core.runner.ExecutionMode$1.execute(ExecutionMode.java:10)\r\n\tat io.cucumber.core.runner.TestStep.executeStep(TestStep.java:86)\r\n\tat io.cucumber.core.runner.TestStep.run(TestStep.java:57)\r\n\tat io.cucumber.core.runner.PickleStepTestStep.run(PickleStepTestStep.java:51)\r\n\tat io.cucumber.core.runner.TestCase.run(TestCase.java:95)\r\n\tat io.cucumber.core.runner.Runner.runPickle(Runner.java:75)\r\n\tat io.cucumber.junit.PickleRunners$NoStepDescriptions.lambda$run$0(PickleRunners.java:151)\r\n\tat io.cucumber.core.runtime.CucumberExecutionContext.lambda$runTestCase$3(CucumberExecutionContext.java:151)\r\n\tat io.cucumber.core.runtime.RethrowingThrowableCollector.executeAndThrow(RethrowingThrowableCollector.java:23)\r\n\tat io.cucumber.core.runtime.CucumberExecutionContext.runTestCase(CucumberExecutionContext.java:151)\r\n\tat io.cucumber.junit.PickleRunners$NoStepDescriptions.run(PickleRunners.java:148)\r\n\tat io.cucumber.junit.FeatureRunner.runChild(FeatureRunner.java:144)\r\n\tat io.cucumber.junit.FeatureRunner.runChild(FeatureRunner.java:28)\r\n\tat org.junit.runners.ParentRunner$4.run(ParentRunner.java:331)\r\n\tat org.junit.runners.ParentRunner$1.schedule(ParentRunner.java:79)\r\n\tat org.junit.runners.ParentRunner.runChildren(ParentRunner.java:329)\r\n\tat org.junit.runners.ParentRunner.access$100(ParentRunner.java:66)\r\n\tat org.junit.runners.ParentRunner$2.evaluate(ParentRunner.java:293)\r\n\tat org.junit.runners.ParentRunner$3.evaluate(ParentRunner.java:306)\r\n\tat org.junit.runners.ParentRunner.run(ParentRunner.java:413)\r\n\tat io.cucumber.junit.FeatureRunner.run(FeatureRunner.java:137)\r\n\tat io.cucumber.junit.Cucumber.runChild(Cucumber.java:196)\r\n\tat io.cucumber.junit.Cucumber.runChild(Cucumber.java:89)\r\n\tat org.junit.runners.ParentRunner$4.run(ParentRunner.java:331)\r\n\tat org.junit.runners.ParentRunner$1.schedule(ParentRunner.java:79)\r\n\tat org.junit.runners.ParentRunner.runChildren(ParentRunner.java:329)\r\n\tat org.junit.runners.ParentRunner.access$100(ParentRunner.java:66)\r\n\tat org.junit.runners.ParentRunner$2.evaluate(ParentRunner.java:293)\r\n\tat io.cucumber.junit.Cucumber$RunBeforeAllHooks.evaluate(Cucumber.java:266)\r\n\tat io.cucumber.junit.Cucumber$RunAfterAllHooks.evaluate(Cucumber.java:281)\r\n\tat io.cucumber.junit.Cucumber$StartTestRun.evaluate(Cucumber.java:233)\r\n\tat io.cucumber.junit.Cucumber$FinishTestRun.evaluate(Cucumber.java:248)\r\n\tat org.junit.runners.ParentRunner$3.evaluate(ParentRunner.java:306)\r\n\tat org.junit.runners.ParentRunner.run(ParentRunner.java:413)\r\n\tat org.junit.runner.JUnitCore.run(JUnitCore.java:137)\r\n\tat com.intellij.junit4.JUnit4IdeaTestRunner.startRunnerWithArgs(JUnit4IdeaTestRunner.java:69)\r\n\tat com.intellij.rt.junit.IdeaTestRunner$Repeater$1.execute(IdeaTestRunner.java:38)\r\n\tat com.intellij.rt.execution.junit.TestsRepeater.repeat(TestsRepeater.java:11)\r\n\tat com.intellij.rt.junit.IdeaTestRunner$Repeater.startRunnerWithArgs(IdeaTestRunner.java:35)\r\n\tat com.intellij.rt.junit.JUnitStarter.prepareStreamsAndStart(JUnitStarter.java:235)\r\n\tat com.intellij.rt.junit.JUnitStarter.main(JUnitStarter.java:54)\r\nCaused by: java.lang.reflect.InvocationTargetException\r\n\tat java.base/jdk.internal.reflect.NativeConstructorAccessorImpl.newInstance0(Native Method)\r\n\tat java.base/jdk.internal.reflect.NativeConstructorAccessorImpl.newInstance(NativeConstructorAccessorImpl.java:62)\r\n\tat java.base/jdk.internal.reflect.DelegatingConstructorAccessorImpl.newInstance(DelegatingConstructorAccessorImpl.java:45)\r\n\tat java.base/java.lang.reflect.Constructor.newInstance(Constructor.java:490)\r\n\tat io.cucumber.core.backend.DefaultObjectFactory.cacheNewInstance(DefaultObjectFactory.java:53)\r\n\t... 46 more\r\nCaused by: org.openqa.selenium.NoSuchWindowException: no such window: target window already closed\nfrom unknown error: web view not found\n  (Session info: chrome=105.0.5195.54)\nBuild info: version: '4.1.1', revision: 'e8fcc2cecf'\nSystem info: host: 'LAPTOP-2MH7CTAP', ip: '192.168.1.38', os.name: 'Windows 10', os.arch: 'amd64', os.version: '10.0', java.version: '11.0.15'\nDriver info: org.openqa.selenium.chrome.ChromeDriver\nCommand: [4df334e7b02ead0d59d0de1211abe3f9, maximizeCurrentWindow {}]\nCapabilities {acceptInsecureCerts: false, browserName: chrome, browserVersion: 105.0.5195.54, chrome: {chromedriverVersion: 105.0.5195.52 (412c95e51883..., userDataDir: C:\\Users\\Asus\\AppData\\Local...}, goog:chromeOptions: {debuggerAddress: localhost:54930}, javascriptEnabled: true, networkConnectionEnabled: false, pageLoadStrategy: normal, platform: WINDOWS, platformName: WINDOWS, proxy: Proxy(), se:cdp: ws://localhost:54930/devtoo..., se:cdpVersion: 105.0.5195.54, setWindowRect: true, strictFileInteractability: false, timeouts: {implicit: 0, pageLoad: 300000, script: 30000}, unhandledPromptBehavior: dismiss and notify, webauthn:extension:credBlob: true, webauthn:extension:largeBlob: true, webauthn:virtualAuthenticators: true}\nSession ID: 4df334e7b02ead0d59d0de1211abe3f9\r\n\tat java.base/jdk.internal.reflect.NativeConstructorAccessorImpl.newInstance0(Native Method)\r\n\tat java.base/jdk.internal.reflect.NativeConstructorAccessorImpl.newInstance(NativeConstructorAccessorImpl.java:62)\r\n\tat java.base/jdk.internal.reflect.DelegatingConstructorAccessorImpl.newInstance(DelegatingConstructorAccessorImpl.java:45)\r\n\tat java.base/java.lang.reflect.Constructor.newInstance(Constructor.java:490)\r\n\tat org.openqa.selenium.remote.codec.w3c.W3CHttpResponseCodec.createException(W3CHttpResponseCodec.java:200)\r\n\tat org.openqa.selenium.remote.codec.w3c.W3CHttpResponseCodec.decode(W3CHttpResponseCodec.java:133)\r\n\tat org.openqa.selenium.remote.codec.w3c.W3CHttpResponseCodec.decode(W3CHttpResponseCodec.java:53)\r\n\tat org.openqa.selenium.remote.HttpCommandExecutor.execute(HttpCommandExecutor.java:184)\r\n\tat org.openqa.selenium.remote.service.DriverCommandExecutor.invokeExecute(DriverCommandExecutor.java:167)\r\n\tat org.openqa.selenium.remote.service.DriverCommandExecutor.execute(DriverCommandExecutor.java:142)\r\n\tat org.openqa.selenium.remote.RemoteWebDriver.execute(RemoteWebDriver.java:543)\r\n\tat org.openqa.selenium.remote.RemoteWebDriver.execute(RemoteWebDriver.java:598)\r\n\tat org.openqa.selenium.remote.RemoteWebDriver.execute(RemoteWebDriver.java:602)\r\n\tat org.openqa.selenium.remote.RemoteWebDriver$RemoteWebDriverOptions$RemoteWindow.maximize(RemoteWebDriver.java:969)\r\n\tat utilities.Driver.getDriver(Driver.java:61)\r\n\tat pages.US019_page.<init>(US019_page.java:11)\r\n\tat stepdefinitions.uiStepdefinitions.US019_UIstepdefinitions.<init>(US019_UIstepdefinitions.java:20)\r\n\t... 51 more\r\n","duration":25730200,"status":"failed"},"line":20,"name":"kullanici admin olarak bilgilerini duzenlemek istedigi Staff in uzerine gelip edit i tiklar","match":{"location":"stepdefinitions.uiStepdefinitions.US019_UIstepdefinitions.kullaniciAdminOlarakBilgileriniDuzenlemekIstedigiStaffInUzerineGelipEditITiklar()"},"keyword":"Given "}],"tags":[{"name":"@US019"}]},{"start_timestamp":"2022-08-31T19:20:57.894Z","line":23,"name":"TC_004 Admin, personeli silebilmeli.","description":"","id":"us-019-admin-olarak;-yeni-staff-(personel)-oluşturma-/-güncelleme-/-görüntüleme-ve-silme;tc-004-admin--personeli-silebilmeli.","type":"scenario","keyword":"Scenario","steps":[{"result":{"error_message":"io.cucumber.core.exception.CucumberException: Failed to instantiate class stepdefinitions.uiStepdefinitions.US019_UIstepdefinitions\r\n\tat io.cucumber.core.backend.DefaultObjectFactory.cacheNewInstance(DefaultObjectFactory.java:67)\r\n\tat io.cucumber.core.backend.DefaultObjectFactory.getInstance(DefaultObjectFactory.java:45)\r\n\tat io.cucumber.java.AbstractGlueDefinition.invokeMethod(AbstractGlueDefinition.java:47)\r\n\tat io.cucumber.java.JavaStepDefinition.execute(JavaStepDefinition.java:29)\r\n\tat io.cucumber.core.runner.CoreStepDefinition.execute(CoreStepDefinition.java:66)\r\n\tat io.cucumber.core.runner.PickleStepDefinitionMatch.runStep(PickleStepDefinitionMatch.java:63)\r\n\tat io.cucumber.core.runner.ExecutionMode$1.execute(ExecutionMode.java:10)\r\n\tat io.cucumber.core.runner.TestStep.executeStep(TestStep.java:86)\r\n\tat io.cucumber.core.runner.TestStep.run(TestStep.java:57)\r\n\tat io.cucumber.core.runner.PickleStepTestStep.run(PickleStepTestStep.java:51)\r\n\tat io.cucumber.core.runner.TestCase.run(TestCase.java:95)\r\n\tat io.cucumber.core.runner.Runner.runPickle(Runner.java:75)\r\n\tat io.cucumber.junit.PickleRunners$NoStepDescriptions.lambda$run$0(PickleRunners.java:151)\r\n\tat io.cucumber.core.runtime.CucumberExecutionContext.lambda$runTestCase$3(CucumberExecutionContext.java:151)\r\n\tat io.cucumber.core.runtime.RethrowingThrowableCollector.executeAndThrow(RethrowingThrowableCollector.java:23)\r\n\tat io.cucumber.core.runtime.CucumberExecutionContext.runTestCase(CucumberExecutionContext.java:151)\r\n\tat io.cucumber.junit.PickleRunners$NoStepDescriptions.run(PickleRunners.java:148)\r\n\tat io.cucumber.junit.FeatureRunner.runChild(FeatureRunner.java:144)\r\n\tat io.cucumber.junit.FeatureRunner.runChild(FeatureRunner.java:28)\r\n\tat org.junit.runners.ParentRunner$4.run(ParentRunner.java:331)\r\n\tat org.junit.runners.ParentRunner$1.schedule(ParentRunner.java:79)\r\n\tat org.junit.runners.ParentRunner.runChildren(ParentRunner.java:329)\r\n\tat org.junit.runners.ParentRunner.access$100(ParentRunner.java:66)\r\n\tat org.junit.runners.ParentRunner$2.evaluate(ParentRunner.java:293)\r\n\tat org.junit.runners.ParentRunner$3.evaluate(ParentRunner.java:306)\r\n\tat org.junit.runners.ParentRunner.run(ParentRunner.java:413)\r\n\tat io.cucumber.junit.FeatureRunner.run(FeatureRunner.java:137)\r\n\tat io.cucumber.junit.Cucumber.runChild(Cucumber.java:196)\r\n\tat io.cucumber.junit.Cucumber.runChild(Cucumber.java:89)\r\n\tat org.junit.runners.ParentRunner$4.run(ParentRunner.java:331)\r\n\tat org.junit.runners.ParentRunner$1.schedule(ParentRunner.java:79)\r\n\tat org.junit.runners.ParentRunner.runChildren(ParentRunner.java:329)\r\n\tat org.junit.runners.ParentRunner.access$100(ParentRunner.java:66)\r\n\tat org.junit.runners.ParentRunner$2.evaluate(ParentRunner.java:293)\r\n\tat io.cucumber.junit.Cucumber$RunBeforeAllHooks.evaluate(Cucumber.java:266)\r\n\tat io.cucumber.junit.Cucumber$RunAfterAllHooks.evaluate(Cucumber.java:281)\r\n\tat io.cucumber.junit.Cucumber$StartTestRun.evaluate(Cucumber.java:233)\r\n\tat io.cucumber.junit.Cucumber$FinishTestRun.evaluate(Cucumber.java:248)\r\n\tat org.junit.runners.ParentRunner$3.evaluate(ParentRunner.java:306)\r\n\tat org.junit.runners.ParentRunner.run(ParentRunner.java:413)\r\n\tat org.junit.runner.JUnitCore.run(JUnitCore.java:137)\r\n\tat com.intellij.junit4.JUnit4IdeaTestRunner.startRunnerWithArgs(JUnit4IdeaTestRunner.java:69)\r\n\tat com.intellij.rt.junit.IdeaTestRunner$Repeater$1.execute(IdeaTestRunner.java:38)\r\n\tat com.intellij.rt.execution.junit.TestsRepeater.repeat(TestsRepeater.java:11)\r\n\tat com.intellij.rt.junit.IdeaTestRunner$Repeater.startRunnerWithArgs(IdeaTestRunner.java:35)\r\n\tat com.intellij.rt.junit.JUnitStarter.prepareStreamsAndStart(JUnitStarter.java:235)\r\n\tat com.intellij.rt.junit.JUnitStarter.main(JUnitStarter.java:54)\r\nCaused by: java.lang.reflect.InvocationTargetException\r\n\tat java.base/jdk.internal.reflect.NativeConstructorAccessorImpl.newInstance0(Native Method)\r\n\tat java.base/jdk.internal.reflect.NativeConstructorAccessorImpl.newInstance(NativeConstructorAccessorImpl.java:62)\r\n\tat java.base/jdk.internal.reflect.DelegatingConstructorAccessorImpl.newInstance(DelegatingConstructorAccessorImpl.java:45)\r\n\tat java.base/java.lang.reflect.Constructor.newInstance(Constructor.java:490)\r\n\tat io.cucumber.core.backend.DefaultObjectFactory.cacheNewInstance(DefaultObjectFactory.java:53)\r\n\t... 46 more\r\nCaused by: org.openqa.selenium.NoSuchWindowException: no such window: target window already closed\nfrom unknown error: web view not found\n  (Session info: chrome=105.0.5195.54)\nBuild info: version: '4.1.1', revision: 'e8fcc2cecf'\nSystem info: host: 'LAPTOP-2MH7CTAP', ip: '192.168.1.38', os.name: 'Windows 10', os.arch: 'amd64', os.version: '10.0', java.version: '11.0.15'\nDriver info: org.openqa.selenium.chrome.ChromeDriver\nCommand: [4df334e7b02ead0d59d0de1211abe3f9, maximizeCurrentWindow {}]\nCapabilities {acceptInsecureCerts: false, browserName: chrome, browserVersion: 105.0.5195.54, chrome: {chromedriverVersion: 105.0.5195.52 (412c95e51883..., userDataDir: C:\\Users\\Asus\\AppData\\Local...}, goog:chromeOptions: {debuggerAddress: localhost:54930}, javascriptEnabled: true, networkConnectionEnabled: false, pageLoadStrategy: normal, platform: WINDOWS, platformName: WINDOWS, proxy: Proxy(), se:cdp: ws://localhost:54930/devtoo..., se:cdpVersion: 105.0.5195.54, setWindowRect: true, strictFileInteractability: false, timeouts: {implicit: 0, pageLoad: 300000, script: 30000}, unhandledPromptBehavior: dismiss and notify, webauthn:extension:credBlob: true, webauthn:extension:largeBlob: true, webauthn:virtualAuthenticators: true}\nSession ID: 4df334e7b02ead0d59d0de1211abe3f9\r\n\tat java.base/jdk.internal.reflect.NativeConstructorAccessorImpl.newInstance0(Native Method)\r\n\tat java.base/jdk.internal.reflect.NativeConstructorAccessorImpl.newInstance(NativeConstructorAccessorImpl.java:62)\r\n\tat java.base/jdk.internal.reflect.DelegatingConstructorAccessorImpl.newInstance(DelegatingConstructorAccessorImpl.java:45)\r\n\tat java.base/java.lang.reflect.Constructor.newInstance(Constructor.java:490)\r\n\tat org.openqa.selenium.remote.codec.w3c.W3CHttpResponseCodec.createException(W3CHttpResponseCodec.java:200)\r\n\tat org.openqa.selenium.remote.codec.w3c.W3CHttpResponseCodec.decode(W3CHttpResponseCodec.java:133)\r\n\tat org.openqa.selenium.remote.codec.w3c.W3CHttpResponseCodec.decode(W3CHttpResponseCodec.java:53)\r\n\tat org.openqa.selenium.remote.HttpCommandExecutor.execute(HttpCommandExecutor.java:184)\r\n\tat org.openqa.selenium.remote.service.DriverCommandExecutor.invokeExecute(DriverCommandExecutor.java:167)\r\n\tat org.openqa.selenium.remote.service.DriverCommandExecutor.execute(DriverCommandExecutor.java:142)\r\n\tat org.openqa.selenium.remote.RemoteWebDriver.execute(RemoteWebDriver.java:543)\r\n\tat org.openqa.selenium.remote.RemoteWebDriver.execute(RemoteWebDriver.java:598)\r\n\tat org.openqa.selenium.remote.RemoteWebDriver.execute(RemoteWebDriver.java:602)\r\n\tat org.openqa.selenium.remote.RemoteWebDriver$RemoteWebDriverOptions$RemoteWindow.maximize(RemoteWebDriver.java:969)\r\n\tat utilities.Driver.getDriver(Driver.java:61)\r\n\tat pages.US019_page.<init>(US019_page.java:11)\r\n\tat stepdefinitions.uiStepdefinitions.US019_UIstepdefinitions.<init>(US019_UIstepdefinitions.java:20)\r\n\t... 51 more\r\n","duration":6107200,"status":"failed"},"line":24,"name":"kullanici admin olarak bilgilerini silmek istedigi Staff in uzerine gelip Delete ye tiklar","match":{"location":"stepdefinitions.uiStepdefinitions.US019_UIstepdefinitions.kullaniciAdminOlarakBilgileriniSilmekIstedigiStaffInUzerineGelipDeleteYeTiklar()"},"keyword":"Given "},{"result":{"duration":403400,"status":"skipped"},"line":25,"name":"kullanici admin olarak Confirm delete operation dan tekrar Delete ye tiklar","match":{"location":"stepdefinitions.uiStepdefinitions.US019_UIstepdefinitions.kullaniciAdminOlarakConfirmDeleteOperationDanTekrarDeleteYeTiklar()"},"keyword":"When "},{"result":{"status":"skipped"},"line":26,"name":"kullanici sayfayi kapatir","match":{"location":"stepdefinitions.uiStepdefinitions.US008_stepdefinitions.kullaniciSayfayiKapatir()"},"keyword":"And "}],"tags":[{"name":"@US019"}]}],"name":"US_019 Admin olarak; Yeni Staff (Personel) Oluşturma / Güncelleme / Görüntüleme ve Silme","description":"","id":"us-019-admin-olarak;-yeni-staff-(personel)-oluşturma-/-güncelleme-/-görüntüleme-ve-silme","keyword":"Feature","uri":"file:src/test/resources/features/uiFeatures/US_019.feature","tags":[{"name":"@US019","type":"Tag","location":{"line":1,"column":1}}]}]